<?xml version="1.0" encoding="UTF-8"?>
<!-- Generated by org.testng.reporters.JUnitReportReporter -->
<testsuite hostname="Aya" name="org.testing.automation.InstaBugLoginAlternatePath" tests="1" failures="0" timestamp="11 May 2019 18:37:47 GMT" time="25.161" errors="0">
  <testcase name="testAlternatePathloginWithLoggedInAccount" time="25.161" classname="org.testing.automation.InstaBugLoginAlternatePath"/>
</testsuite> <!-- org.testing.automation.InstaBugLoginAlternatePath -->
