<?xml version="1.0" encoding="UTF-8"?>
<!-- Generated by org.testng.reporters.JUnitReportReporter -->
<testsuite hostname="Aya" name="org.testing.automation.InstaBugLoginNegativePaths" tests="4" failures="0" timestamp="17 May 2019 17:58:49 GMT" time="103.825" errors="0">
  <testcase name="InvalidEmail" time="18.896" classname="org.testing.automation.InstaBugLoginNegativePaths"/>
  <testcase name="WrongPassword" time="39.285" classname="org.testing.automation.InstaBugLoginNegativePaths"/>
  <testcase name="InvalidPassword_ValidationMessage" time="19.713" classname="org.testing.automation.InstaBugLoginNegativePaths"/>
  <testcase name="InvalidEmail_ValidationMessage" time="25.931" classname="org.testing.automation.InstaBugLoginNegativePaths"/>
</testsuite> <!-- org.testing.automation.InstaBugLoginNegativePaths -->
