<?xml version="1.0" encoding="UTF-8"?>
<!-- Generated by org.testng.reporters.JUnitReportReporter -->
<testsuite hostname="Aya" name="org.testing.automation.InstaBugLoginHappyPath" tests="7" failures="0" timestamp="17 May 2019 17:58:49 GMT" time="415.239" errors="0">
  <testcase name="ForgotPasswordLink" time="46.475" classname="org.testing.automation.InstaBugLoginHappyPath"/>
  <testcase name="LoginWithMicrosoft" time="79.879" classname="org.testing.automation.InstaBugLoginHappyPath"/>
  <testcase name="SignUpLink" time="21.050" classname="org.testing.automation.InstaBugLoginHappyPath"/>
  <testcase name="LogoutIsDirectedToLoginPageSuccessfully" time="45.248" classname="org.testing.automation.InstaBugLoginHappyPath"/>
  <testcase name="LoginWithGoogle" time="99.105" classname="org.testing.automation.InstaBugLoginHappyPath"/>
  <testcase name="Login" time="12.999" classname="org.testing.automation.InstaBugLoginHappyPath"/>
  <testcase name="LoginWithGitHub" time="110.483" classname="org.testing.automation.InstaBugLoginHappyPath"/>
</testsuite> <!-- org.testing.automation.InstaBugLoginHappyPath -->
