<?xml version="1.0" encoding="UTF-8"?>
<!-- Generated by org.testng.reporters.JUnitReportReporter -->
<testsuite hostname="Aya" name="org.testing.automation.InstaBugLoginAlternativePaths" tests="5" failures="0" timestamp="17 May 2019 17:58:49 GMT" time="193.228" errors="0">
  <testcase name="NotSignedUpAccount" time="25.186" classname="org.testing.automation.InstaBugLoginAlternativePaths"/>
  <testcase name="LoginThenNavigateBack" time="35.270" classname="org.testing.automation.InstaBugLoginAlternativePaths"/>
  <testcase name="LoginWithChangedPassword" time="54.236" classname="org.testing.automation.InstaBugLoginAlternativePaths"/>
  <testcase name="LogoutAndNavigationBack" time="58.283" classname="org.testing.automation.InstaBugLoginAlternativePaths"/>
  <testcase name="LoggedInAccount" time="20.253" classname="org.testing.automation.InstaBugLoginAlternativePaths"/>
</testsuite> <!-- org.testing.automation.InstaBugLoginAlternativePaths -->
